0 info it worked if it ends with ok
1 verbose cli [ '/usr/local/Cellar/node/0.10.16/bin/node',
1 verbose cli   '/usr/local/bin/npm',
1 verbose cli   'install',
1 verbose cli   'node-waf' ]
2 info using npm@1.3.8
3 info using node@v0.10.16
4 warn package.json jade@0.20.3 No README data
5 verbose readDependencies using package.json deps
6 verbose cache add [ 'node-waf', null ]
7 verbose cache add name=undefined spec="node-waf" args=["node-waf",null]
8 verbose parsed url { protocol: null,
8 verbose parsed url   slashes: null,
8 verbose parsed url   auth: null,
8 verbose parsed url   host: null,
8 verbose parsed url   port: null,
8 verbose parsed url   hostname: null,
8 verbose parsed url   hash: null,
8 verbose parsed url   search: null,
8 verbose parsed url   query: null,
8 verbose parsed url   pathname: 'node-waf',
8 verbose parsed url   path: 'node-waf',
8 verbose parsed url   href: 'node-waf' }
9 silly lockFile f9e51350-node-waf node-waf
10 verbose lock node-waf /Users/ryosuzuki/.npm/f9e51350-node-waf.lock
11 silly lockFile f9e51350-node-waf node-waf
12 silly lockFile f9e51350-node-waf node-waf
13 verbose addNamed [ 'node-waf', '' ]
14 verbose addNamed [ null, '*' ]
15 silly lockFile 8b27428d-node-waf node-waf@
16 verbose lock node-waf@ /Users/ryosuzuki/.npm/8b27428d-node-waf.lock
17 silly addNameRange { name: 'node-waf', range: '*', hasData: false }
18 verbose url raw node-waf
19 verbose url resolving [ 'https://registry.npmjs.org/', './node-waf' ]
20 verbose url resolved https://registry.npmjs.org/node-waf
21 info trying registry request attempt 1 at 10:32:25
22 http GET https://registry.npmjs.org/node-waf
23 http 404 https://registry.npmjs.org/node-waf
24 silly registry.get cb [ 404,
24 silly registry.get   { server: 'CouchDB/1.3.1 (Erlang OTP/R15B03)',
24 silly registry.get     date: 'Mon, 14 Oct 2013 01:32:31 GMT',
24 silly registry.get     'content-type': 'application/json',
24 silly registry.get     'content-length': '52',
24 silly registry.get     'cache-control': 'must-revalidate' } ]
25 silly lockFile 8b27428d-node-waf node-waf@
26 silly lockFile 8b27428d-node-waf node-waf@
27 error 404 'node-waf' is not in the npm registry.
27 error 404 You should bug the author to publish it
27 error 404
27 error 404 Maybe try 'npm search waf'
27 error 404
27 error 404 Note that you can also install from a
27 error 404 tarball, folder, or http url, or git url.
28 error System Darwin 12.5.0
29 error command "/usr/local/Cellar/node/0.10.16/bin/node" "/usr/local/bin/npm" "install" "node-waf"
30 error cwd /Users/ryosuzuki/Desktop/nodejs-ableton-piano
31 error node -v v0.10.16
32 error npm -v 1.3.8
33 error code E404
34 verbose exit [ 1, true ]
